debug-env.ts:2 
🔧 ENVIRONMENT VARIABLES LOADED:
debug-env.ts:3 VITE_GOOGLE_CLIENT_ID: Present ✅
debug-env.ts:4 VITE_API_URL: Not set (using default)
debug-env.ts:5 VITE_MSW_DISABLED: true
debug-env.ts:9 Google Client ID Preview: 835274027919...rcontent.com
debug-env.ts:13 🔧 Environment check complete

client:802 WebSocket connection to 'ws://localhost:3001/?token=PfFVN_mWw5M9' failed: 
createConnection @ client:802
connect @ client:437
connect @ client:811
connect @ client:290
connect @ client:383
(anonymous) @ client:908
client:815 WebSocket connection to 'ws://localhost:3001/?token=PfFVN_mWw5M9' failed: 
createConnection @ client:815
connect @ client:437
connect @ client:822
client:830 [vite] failed to connect to websocket.
your current setup:
  (browser) localhost:3001/ <--[HTTP]--> localhost:3001/ (server)
  (browser) localhost:3001/ <--[WebSocket (failing)]--> localhost:3001/ (server)
Check out your Vite / network configuration and https://vite.dev/config/server-options.html#server-hmr .
overrideMethod @ hook.js:608
connect @ client:830
await in connect
connect @ client:290
connect @ client:383
(anonymous) @ client:908
auth-context.tsx:99 🔐 Development JWT token obtained: {message: 'Development token generated', user: {…}, success: true, token: 'eyJhbGciOiJIUzUxMiIsInR5cCI6IkpXVCJ9.eyJhdWQiOiJwa…XJzYDRd6OZSf8FtVEE9v2PIvcEaN2SQWadY5SxgovrtTkrCeQ'}
auth-context.tsx:112 🎭 Using development user with JWT token
places-view.tsx:245 Panel Debug: {sidebarSizePercent: 30, windowWidth: 480, calculatedWidth: 104, cardFlexBasis: '100%', isFlexLayout: false}
places-view.tsx:275 PlacesView render: {isMapVisible: false, showRouting: true, isMobile: false, poisCount: 0}
places-view.tsx:338 Rendering decision: {isMapVisible: false, showingPanel: false, showingGrid: true}
places-view.tsx:254 Panel resized to: 30 %
route-results.tsx:34 🔍 Fetching route results with params: start=San+Antonio&end=Dallas
places-view.tsx:245 Panel Debug: {sidebarSizePercent: 30, windowWidth: 480, calculatedWidth: 104, cardFlexBasis: '100%', isFlexLayout: false}
places-view.tsx:275 PlacesView render: {isMapVisible: false, showRouting: true, isMobile: false, poisCount: 0}
places-view.tsx:338 Rendering decision: {isMapVisible: false, showingPanel: false, showingGrid: true}
places-view.tsx:245 Panel Debug: {sidebarSizePercent: 30, windowWidth: 480, calculatedWidth: 104, cardFlexBasis: '100%', isFlexLayout: false}
places-view.tsx:275 PlacesView render: {isMapVisible: false, showRouting: true, isMobile: false, poisCount: 0}
places-view.tsx:338 Rendering decision: {isMapVisible: false, showingPanel: false, showingGrid: true}
places-view.tsx:245 Panel Debug: {sidebarSizePercent: 30, windowWidth: 480, calculatedWidth: 104, cardFlexBasis: '100%', isFlexLayout: false}
places-view.tsx:275 PlacesView render: {isMapVisible: true, showRouting: true, isMobile: true, poisCount: 0}
places-view.tsx:338 Rendering decision: {isMapVisible: true, showingPanel: true, showingGrid: false}
route-results.tsx:36 📊 Route Results API response status: 200
route-results.tsx:45 ✅ Route Results data received: {data: {…}, timestamp: '2025-08-11T02:38:16.820593Z', success: true, _cache: {…}}
places-view.tsx:245 Panel Debug: {sidebarSizePercent: 30, windowWidth: 480, calculatedWidth: 104, cardFlexBasis: '100%', isFlexLayout: false}
places-view.tsx:275 PlacesView render: {isMapVisible: true, showRouting: true, isMobile: true, poisCount: 15}
places-view.tsx:338 Rendering decision: {isMapVisible: true, showingPanel: true, showingGrid: false}
places-view.tsx:245 Panel Debug: {sidebarSizePercent: 30, windowWidth: 480, calculatedWidth: 104, cardFlexBasis: '100%', isFlexLayout: false}
places-view.tsx:275 PlacesView render: {isMapVisible: true, showRouting: true, isMobile: true, poisCount: 15}
places-view.tsx:338 Rendering decision: {isMapVisible: true, showingPanel: true, showingGrid: false}
places-view.tsx:245 Panel Debug: {sidebarSizePercent: 30, windowWidth: 878, calculatedWidth: 223.39999999999998, cardFlexBasis: '100%', isFlexLayout: false}
places-view.tsx:275 PlacesView render: {isMapVisible: true, showRouting: true, isMobile: false, poisCount: 15}
places-view.tsx:338 Rendering decision: {isMapVisible: true, showingPanel: true, showingGrid: false}
places-view.tsx:254 Panel resized to: 30 %
places-view.tsx:245 Panel Debug: {sidebarSizePercent: 30, windowWidth: 878, calculatedWidth: 223.39999999999998, cardFlexBasis: '100%', isFlexLayout: false}
places-view.tsx:275 PlacesView render: {isMapVisible: true, showRouting: true, isMobile: false, poisCount: 15}
places-view.tsx:338 Rendering decision: {isMapVisible: true, showingPanel: true, showingGrid: false}
places-view.tsx:245 Panel Debug: {sidebarSizePercent: 30, windowWidth: 878, calculatedWidth: 223.39999999999998, cardFlexBasis: '100%', isFlexLayout: false}
places-view.tsx:275 PlacesView render: {isMapVisible: true, showRouting: true, isMobile: false, poisCount: 15}
places-view.tsx:338 Rendering decision: {isMapVisible: true, showingPanel: true, showingGrid: false}
places-view.tsx:245 Panel Debug: {sidebarSizePercent: 30, windowWidth: 771, calculatedWidth: 191.29999999999998, cardFlexBasis: '100%', isFlexLayout: false}
places-view.tsx:275 PlacesView render: {isMapVisible: true, showRouting: true, isMobile: false, poisCount: 15}
places-view.tsx:338 Rendering decision: {isMapVisible: true, showingPanel: true, showingGrid: false}
places-view.tsx:245 Panel Debug: {sidebarSizePercent: 30, windowWidth: 771, calculatedWidth: 191.29999999999998, cardFlexBasis: '100%', isFlexLayout: false}
places-view.tsx:275 PlacesView render: {isMapVisible: true, showRouting: true, isMobile: false, poisCount: 15}
places-view.tsx:338 Rendering decision: {isMapVisible: true, showingPanel: true, showingGrid: false}
places-view.tsx:245 Panel Debug: {sidebarSizePercent: 30, windowWidth: 771, calculatedWidth: 191.29999999999998, cardFlexBasis: '100%', isFlexLayout: false}
places-view.tsx:275 PlacesView render: {isMapVisible: true, showRouting: true, isMobile: false, poisCount: 15}
places-view.tsx:338 Rendering decision: {isMapVisible: true, showingPanel: true, showingGrid: false}
places-view.tsx:245 Panel Debug: {sidebarSizePercent: 30, windowWidth: 771, calculatedWidth: 191.29999999999998, cardFlexBasis: '100%', isFlexLayout: false}
places-view.tsx:275 PlacesView render: {isMapVisible: true, showRouting: true, isMobile: false, poisCount: 15}
places-view.tsx:338 Rendering decision: {isMapVisible: true, showingPanel: true, showingGrid: false}
places-view.tsx:245 Panel Debug: {sidebarSizePercent: 30, windowWidth: 771, calculatedWidth: 191.29999999999998, cardFlexBasis: '100%', isFlexLayout: false}
places-view.tsx:275 PlacesView render: {isMapVisible: true, showRouting: true, isMobile: false, poisCount: 15}
places-view.tsx:338 Rendering decision: {isMapVisible: true, showingPanel: true, showingGrid: false}
places-view.tsx:245 Panel Debug: {sidebarSizePercent: 30, windowWidth: 771, calculatedWidth: 191.29999999999998, cardFlexBasis: '100%', isFlexLayout: false}
places-view.tsx:275 PlacesView render: {isMapVisible: true, showRouting: true, isMobile: false, poisCount: 15}
places-view.tsx:338 Rendering decision: {isMapVisible: true, showingPanel: true, showingGrid: false}
places-view.tsx:245 Panel Debug: {sidebarSizePercent: 30, windowWidth: 771, calculatedWidth: 191.29999999999998, cardFlexBasis: '100%', isFlexLayout: false}
places-view.tsx:275 PlacesView render: {isMapVisible: true, showRouting: true, isMobile: false, poisCount: 15}
places-view.tsx:338 Rendering decision: {isMapVisible: true, showingPanel: true, showingGrid: false}
places-view.tsx:245 Panel Debug: {sidebarSizePercent: 30, windowWidth: 771, calculatedWidth: 191.29999999999998, cardFlexBasis: '100%', isFlexLayout: false}
places-view.tsx:275 PlacesView render: {isMapVisible: true, showRouting: true, isMobile: false, poisCount: 15}
places-view.tsx:338 Rendering decision: {isMapVisible: true, showingPanel: true, showingGrid: false}
places-view.tsx:245 Panel Debug: {sidebarSizePercent: 30, windowWidth: 771, calculatedWidth: 191.29999999999998, cardFlexBasis: '100%', isFlexLayout: false}
places-view.tsx:275 PlacesView render: {isMapVisible: true, showRouting: true, isMobile: false, poisCount: 15}
places-view.tsx:338 Rendering decision: {isMapVisible: true, showingPanel: true, showingGrid: false}
places-view.tsx:245 Panel Debug: {sidebarSizePercent: 30, windowWidth: 771, calculatedWidth: 191.29999999999998, cardFlexBasis: '100%', isFlexLayout: false}
places-view.tsx:275 PlacesView render: {isMapVisible: true, showRouting: true, isMobile: false, poisCount: 15}
places-view.tsx:338 Rendering decision: {isMapVisible: true, showingPanel: true, showingGrid: false}
places-view.tsx:245 Panel Debug: {sidebarSizePercent: 30, windowWidth: 771, calculatedWidth: 191.29999999999998, cardFlexBasis: '100%', isFlexLayout: false}
places-view.tsx:275 PlacesView render: {isMapVisible: true, showRouting: true, isMobile: false, poisCount: 15}
places-view.tsx:338 Rendering decision: {isMapVisible: true, showingPanel: true, showingGrid: false}
places-view.tsx:245 Panel Debug: {sidebarSizePercent: 30, windowWidth: 771, calculatedWidth: 191.29999999999998, cardFlexBasis: '100%', isFlexLayout: false}
places-view.tsx:275 PlacesView render: {isMapVisible: true, showRouting: true, isMobile: false, poisCount: 15}
places-view.tsx:338 Rendering decision: {isMapVisible: true, showingPanel: true, showingGrid: false}
places-view.tsx:245 Panel Debug: {sidebarSizePercent: 30, windowWidth: 771, calculatedWidth: 191.29999999999998, cardFlexBasis: '100%', isFlexLayout: false}
places-view.tsx:275 PlacesView render: {isMapVisible: true, showRouting: true, isMobile: false, poisCount: 15}
places-view.tsx:338 Rendering decision: {isMapVisible: true, showingPanel: true, showingGrid: false}
places-view.tsx:245 Panel Debug: {sidebarSizePercent: 30, windowWidth: 771, calculatedWidth: 191.29999999999998, cardFlexBasis: '100%', isFlexLayout: false}
places-view.tsx:275 PlacesView render: {isMapVisible: true, showRouting: true, isMobile: false, poisCount: 15}
places-view.tsx:338 Rendering decision: {isMapVisible: true, showingPanel: true, showingGrid: false}
places-view.tsx:245 Panel Debug: {sidebarSizePercent: 30, windowWidth: 771, calculatedWidth: 191.29999999999998, cardFlexBasis: '100%', isFlexLayout: false}
places-view.tsx:275 PlacesView render: {isMapVisible: true, showRouting: true, isMobile: false, poisCount: 15}
places-view.tsx:338 Rendering decision: {isMapVisible: true, showingPanel: true, showingGrid: false}
places-view.tsx:245 Panel Debug: {sidebarSizePercent: 30, windowWidth: 771, calculatedWidth: 191.29999999999998, cardFlexBasis: '100%', isFlexLayout: false}
places-view.tsx:275 PlacesView render: {isMapVisible: true, showRouting: true, isMobile: false, poisCount: 15}
places-view.tsx:338 Rendering decision: {isMapVisible: true, showingPanel: true, showingGrid: false}
places-view.tsx:245 Panel Debug: {sidebarSizePercent: 30, windowWidth: 771, calculatedWidth: 191.29999999999998, cardFlexBasis: '100%', isFlexLayout: false}
places-view.tsx:275 PlacesView render: {isMapVisible: true, showRouting: true, isMobile: false, poisCount: 15}
places-view.tsx:338 Rendering decision: {isMapVisible: true, showingPanel: true, showingGrid: false}
places-view.tsx:245 Panel Debug: {sidebarSizePercent: 30, windowWidth: 771, calculatedWidth: 191.29999999999998, cardFlexBasis: '100%', isFlexLayout: false}
places-view.tsx:275 PlacesView render: {isMapVisible: true, showRouting: true, isMobile: false, poisCount: 15}
places-view.tsx:338 Rendering decision: {isMapVisible: true, showingPanel: true, showingGrid: false}
places-view.tsx:245 Panel Debug: {sidebarSizePercent: 30, windowWidth: 771, calculatedWidth: 191.29999999999998, cardFlexBasis: '100%', isFlexLayout: false}
places-view.tsx:275 PlacesView render: {isMapVisible: true, showRouting: true, isMobile: false, poisCount: 15}
places-view.tsx:338 Rendering decision: {isMapVisible: true, showingPanel: true, showingGrid: false}
places-view.tsx:245 Panel Debug: {sidebarSizePercent: 30, windowWidth: 771, calculatedWidth: 191.29999999999998, cardFlexBasis: '100%', isFlexLayout: false}
places-view.tsx:275 PlacesView render: {isMapVisible: true, showRouting: true, isMobile: false, poisCount: 15}
places-view.tsx:338 Rendering decision: {isMapVisible: true, showingPanel: true, showingGrid: false}
places-view.tsx:245 Panel Debug: {sidebarSizePercent: 30, windowWidth: 771, calculatedWidth: 191.29999999999998, cardFlexBasis: '100%', isFlexLayout: false}
places-view.tsx:275 PlacesView render: {isMapVisible: true, showRouting: true, isMobile: false, poisCount: 15}
places-view.tsx:338 Rendering decision: {isMapVisible: true, showingPanel: true, showingGrid: false}
places-view.tsx:245 Panel Debug: {sidebarSizePercent: 30, windowWidth: 771, calculatedWidth: 191.29999999999998, cardFlexBasis: '100%', isFlexLayout: false}
places-view.tsx:275 PlacesView render: {isMapVisible: true, showRouting: true, isMobile: false, poisCount: 15}
places-view.tsx:338 Rendering decision: {isMapVisible: true, showingPanel: true, showingGrid: false}
places-view.tsx:245 Panel Debug: {sidebarSizePercent: 30, windowWidth: 771, calculatedWidth: 191.29999999999998, cardFlexBasis: '100%', isFlexLayout: false}
places-view.tsx:275 PlacesView render: {isMapVisible: true, showRouting: true, isMobile: false, poisCount: 15}
places-view.tsx:338 Rendering decision: {isMapVisible: true, showingPanel: true, showingGrid: false}
places-view.tsx:245 Panel Debug: {sidebarSizePercent: 30, windowWidth: 771, calculatedWidth: 191.29999999999998, cardFlexBasis: '100%', isFlexLayout: false}
places-view.tsx:275 PlacesView render: {isMapVisible: true, showRouting: true, isMobile: false, poisCount: 15}
places-view.tsx:338 Rendering decision: {isMapVisible: true, showingPanel: true, showingGrid: false}
places-view.tsx:245 Panel Debug: {sidebarSizePercent: 30, windowWidth: 771, calculatedWidth: 191.29999999999998, cardFlexBasis: '100%', isFlexLayout: false}
places-view.tsx:275 PlacesView render: {isMapVisible: true, showRouting: true, isMobile: false, poisCount: 15}
places-view.tsx:338 Rendering decision: {isMapVisible: true, showingPanel: true, showingGrid: false}
places-view.tsx:245 Panel Debug: {sidebarSizePercent: 30, windowWidth: 771, calculatedWidth: 191.29999999999998, cardFlexBasis: '100%', isFlexLayout: false}
places-view.tsx:275 PlacesView render: {isMapVisible: true, showRouting: true, isMobile: false, poisCount: 15}
places-view.tsx:338 Rendering decision: {isMapVisible: true, showingPanel: true, showingGrid: false}
places-view.tsx:245 Panel Debug: {sidebarSizePercent: 30, windowWidth: 771, calculatedWidth: 191.29999999999998, cardFlexBasis: '100%', isFlexLayout: false}
places-view.tsx:275 PlacesView render: {isMapVisible: true, showRouting: true, isMobile: false, poisCount: 15}
places-view.tsx:338 Rendering decision: {isMapVisible: true, showingPanel: true, showingGrid: false}
places-view.tsx:245 Panel Debug: {sidebarSizePercent: 30, windowWidth: 771, calculatedWidth: 191.29999999999998, cardFlexBasis: '100%', isFlexLayout: false}
places-view.tsx:275 PlacesView render: {isMapVisible: true, showRouting: true, isMobile: false, poisCount: 15}
places-view.tsx:338 Rendering decision: {isMapVisible: true, showingPanel: true, showingGrid: false}
places-view.tsx:245 Panel Debug: {sidebarSizePercent: 30, windowWidth: 771, calculatedWidth: 191.29999999999998, cardFlexBasis: '100%', isFlexLayout: false}
places-view.tsx:275 PlacesView render: {isMapVisible: true, showRouting: true, isMobile: false, poisCount: 15}
places-view.tsx:338 Rendering decision: {isMapVisible: true, showingPanel: true, showingGrid: false}
places-view.tsx:245 Panel Debug: {sidebarSizePercent: 30, windowWidth: 771, calculatedWidth: 191.29999999999998, cardFlexBasis: '100%', isFlexLayout: false}
places-view.tsx:275 PlacesView render: {isMapVisible: true, showRouting: true, isMobile: false, poisCount: 15}
places-view.tsx:338 Rendering decision: {isMapVisible: true, showingPanel: true, showingGrid: false}
places-view.tsx:245 Panel Debug: {sidebarSizePercent: 30, windowWidth: 771, calculatedWidth: 191.29999999999998, cardFlexBasis: '100%', isFlexLayout: false}
places-view.tsx:275 PlacesView render: {isMapVisible: true, showRouting: true, isMobile: false, poisCount: 15}
places-view.tsx:338 Rendering decision: {isMapVisible: true, showingPanel: true, showingGrid: false}
places-view.tsx:245 Panel Debug: {sidebarSizePercent: 30, windowWidth: 771, calculatedWidth: 191.29999999999998, cardFlexBasis: '100%', isFlexLayout: false}
places-view.tsx:275 PlacesView render: {isMapVisible: true, showRouting: true, isMobile: false, poisCount: 15}
places-view.tsx:338 Rendering decision: {isMapVisible: true, showingPanel: true, showingGrid: false}
places-view.tsx:245 Panel Debug: {sidebarSizePercent: 30, windowWidth: 771, calculatedWidth: 191.29999999999998, cardFlexBasis: '100%', isFlexLayout: false}
places-view.tsx:275 PlacesView render: {isMapVisible: true, showRouting: true, isMobile: false, poisCount: 15}
places-view.tsx:338 Rendering decision: {isMapVisible: true, showingPanel: true, showingGrid: false}
places-view.tsx:245 Panel Debug: {sidebarSizePercent: 30, windowWidth: 771, calculatedWidth: 191.29999999999998, cardFlexBasis: '100%', isFlexLayout: false}
places-view.tsx:275 PlacesView render: {isMapVisible: true, showRouting: true, isMobile: false, poisCount: 15}
places-view.tsx:338 Rendering decision: {isMapVisible: true, showingPanel: true, showingGrid: false}
places-view.tsx:245 Panel Debug: {sidebarSizePercent: 30, windowWidth: 771, calculatedWidth: 191.29999999999998, cardFlexBasis: '100%', isFlexLayout: false}
places-view.tsx:275 PlacesView render: {isMapVisible: true, showRouting: true, isMobile: false, poisCount: 15}
places-view.tsx:338 Rendering decision: {isMapVisible: true, showingPanel: true, showingGrid: false}
places-view.tsx:245 Panel Debug: {sidebarSizePercent: 30, windowWidth: 771, calculatedWidth: 191.29999999999998, cardFlexBasis: '100%', isFlexLayout: false}
places-view.tsx:275 PlacesView render: {isMapVisible: true, showRouting: true, isMobile: false, poisCount: 15}
places-view.tsx:338 Rendering decision: {isMapVisible: true, showingPanel: true, showingGrid: false}
places-view.tsx:245 Panel Debug: {sidebarSizePercent: 30, windowWidth: 771, calculatedWidth: 191.29999999999998, cardFlexBasis: '100%', isFlexLayout: false}
places-view.tsx:275 PlacesView render: {isMapVisible: true, showRouting: true, isMobile: false, poisCount: 15}
places-view.tsx:338 Rendering decision: {isMapVisible: true, showingPanel: true, showingGrid: false}
places-view.tsx:245 Panel Debug: {sidebarSizePercent: 30, windowWidth: 771, calculatedWidth: 191.29999999999998, cardFlexBasis: '100%', isFlexLayout: false}
places-view.tsx:275 PlacesView render: {isMapVisible: true, showRouting: true, isMobile: false, poisCount: 15}
places-view.tsx:338 Rendering decision: {isMapVisible: true, showingPanel: true, showingGrid: false}
places-view.tsx:245 Panel Debug: {sidebarSizePercent: 30, windowWidth: 771, calculatedWidth: 191.29999999999998, cardFlexBasis: '100%', isFlexLayout: false}
places-view.tsx:275 PlacesView render: {isMapVisible: true, showRouting: true, isMobile: false, poisCount: 15}
places-view.tsx:338 Rendering decision: {isMapVisible: true, showingPanel: true, showingGrid: false}
places-view.tsx:245 Panel Debug: {sidebarSizePercent: 30, windowWidth: 771, calculatedWidth: 191.29999999999998, cardFlexBasis: '100%', isFlexLayout: false}
places-view.tsx:275 PlacesView render: {isMapVisible: true, showRouting: true, isMobile: false, poisCount: 15}
places-view.tsx:338 Rendering decision: {isMapVisible: true, showingPanel: true, showingGrid: false}
places-view.tsx:245 Panel Debug: {sidebarSizePercent: 30, windowWidth: 771, calculatedWidth: 191.29999999999998, cardFlexBasis: '100%', isFlexLayout: false}
places-view.tsx:275 PlacesView render: {isMapVisible: true, showRouting: true, isMobile: false, poisCount: 15}
places-view.tsx:338 Rendering decision: {isMapVisible: true, showingPanel: true, showingGrid: false}
places-view.tsx:245 Panel Debug: {sidebarSizePercent: 30, windowWidth: 771, calculatedWidth: 191.29999999999998, cardFlexBasis: '100%', isFlexLayout: false}
places-view.tsx:275 PlacesView render: {isMapVisible: true, showRouting: true, isMobile: false, poisCount: 15}
places-view.tsx:338 Rendering decision: {isMapVisible: true, showingPanel: true, showingGrid: false}
places-view.tsx:245 Panel Debug: {sidebarSizePercent: 30, windowWidth: 771, calculatedWidth: 191.29999999999998, cardFlexBasis: '100%', isFlexLayout: false}
places-view.tsx:275 PlacesView render: {isMapVisible: true, showRouting: true, isMobile: false, poisCount: 15}
places-view.tsx:338 Rendering decision: {isMapVisible: true, showingPanel: true, showingGrid: false}
places-view.tsx:245 Panel Debug: {sidebarSizePercent: 30, windowWidth: 771, calculatedWidth: 191.29999999999998, cardFlexBasis: '100%', isFlexLayout: false}
places-view.tsx:275 PlacesView render: {isMapVisible: true, showRouting: true, isMobile: false, poisCount: 15}
places-view.tsx:338 Rendering decision: {isMapVisible: true, showingPanel: true, showingGrid: false}
places-view.tsx:245 Panel Debug: {sidebarSizePercent: 30, windowWidth: 771, calculatedWidth: 191.29999999999998, cardFlexBasis: '100%', isFlexLayout: false}
places-view.tsx:275 PlacesView render: {isMapVisible: true, showRouting: true, isMobile: false, poisCount: 15}
places-view.tsx:338 Rendering decision: {isMapVisible: true, showingPanel: true, showingGrid: false}
places-view.tsx:245 Panel Debug: {sidebarSizePercent: 30, windowWidth: 771, calculatedWidth: 191.29999999999998, cardFlexBasis: '100%', isFlexLayout: false}
places-view.tsx:275 PlacesView render: {isMapVisible: true, showRouting: true, isMobile: false, poisCount: 15}
places-view.tsx:338 Rendering decision: {isMapVisible: true, showingPanel: true, showingGrid: false}
places-view.tsx:245 Panel Debug: {sidebarSizePercent: 30, windowWidth: 771, calculatedWidth: 191.29999999999998, cardFlexBasis: '100%', isFlexLayout: false}
places-view.tsx:275 PlacesView render: {isMapVisible: true, showRouting: true, isMobile: false, poisCount: 15}
places-view.tsx:338 Rendering decision: {isMapVisible: true, showingPanel: true, showingGrid: false}
places-view.tsx:245 Panel Debug: {sidebarSizePercent: 30, windowWidth: 771, calculatedWidth: 191.29999999999998, cardFlexBasis: '100%', isFlexLayout: false}
places-view.tsx:275 PlacesView render: {isMapVisible: true, showRouting: true, isMobile: false, poisCount: 15}
places-view.tsx:338 Rendering decision: {isMapVisible: true, showingPanel: true, showingGrid: false}
places-view.tsx:245 Panel Debug: {sidebarSizePercent: 30, windowWidth: 771, calculatedWidth: 191.29999999999998, cardFlexBasis: '100%', isFlexLayout: false}
places-view.tsx:275 PlacesView render: {isMapVisible: true, showRouting: true, isMobile: false, poisCount: 15}
places-view.tsx:338 Rendering decision: {isMapVisible: true, showingPanel: true, showingGrid: false}
places-view.tsx:245 Panel Debug: {sidebarSizePercent: 30, windowWidth: 771, calculatedWidth: 191.29999999999998, cardFlexBasis: '100%', isFlexLayout: false}
places-view.tsx:275 PlacesView render: {isMapVisible: true, showRouting: true, isMobile: false, poisCount: 15}
places-view.tsx:338 Rendering decision: {isMapVisible: true, showingPanel: true, showingGrid: false}
places-view.tsx:245 Panel Debug: {sidebarSizePercent: 30, windowWidth: 771, calculatedWidth: 191.29999999999998, cardFlexBasis: '100%', isFlexLayout: false}
places-view.tsx:275 PlacesView render: {isMapVisible: true, showRouting: true, isMobile: false, poisCount: 15}
places-view.tsx:338 Rendering decision: {isMapVisible: true, showingPanel: true, showingGrid: false}
places-view.tsx:245 Panel Debug: {sidebarSizePercent: 30, windowWidth: 771, calculatedWidth: 191.29999999999998, cardFlexBasis: '100%', isFlexLayout: false}
places-view.tsx:275 PlacesView render: {isMapVisible: true, showRouting: true, isMobile: false, poisCount: 15}
places-view.tsx:338 Rendering decision: {isMapVisible: true, showingPanel: true, showingGrid: false}
places-view.tsx:245 Panel Debug: {sidebarSizePercent: 30, windowWidth: 771, calculatedWidth: 191.29999999999998, cardFlexBasis: '100%', isFlexLayout: false}
places-view.tsx:275 PlacesView render: {isMapVisible: true, showRouting: true, isMobile: false, poisCount: 15}
places-view.tsx:338 Rendering decision: {isMapVisible: true, showingPanel: true, showingGrid: false}
places-view.tsx:245 Panel Debug: {sidebarSizePercent: 30, windowWidth: 771, calculatedWidth: 191.29999999999998, cardFlexBasis: '100%', isFlexLayout: false}calculatedWidth: 191.29999999999998cardFlexBasis: "100%"isFlexLayout: falsesidebarSizePercent: 30windowWidth: 771[[Prototype]]: Object
places-view.tsx:275 PlacesView render: {isMapVisible: true, showRouting: true, isMobile: false, poisCount: 15}
places-view.tsx:338 Rendering decision: {isMapVisible: true, showingPanel: true, showingGrid: false}
places-view.tsx:245 Panel Debug: {sidebarSizePercent: 30, windowWidth: 771, calculatedWidth: 191.29999999999998, cardFlexBasis: '100%', isFlexLayout: false}
places-view.tsx:275 PlacesView render: {isMapVisible: true, showRouting: true, isMobile: false, poisCount: 15}
places-view.tsx:338 Rendering decision: {isMapVisible: true, showingPanel: true, showingGrid: false}
places-view.tsx:245 Panel Debug: {sidebarSizePercent: 30, windowWidth: 771, calculatedWidth: 191.29999999999998, cardFlexBasis: '100%', isFlexLayout: false}
places-view.tsx:275 PlacesView render: {isMapVisible: true, showRouting: true, isMobile: false, poisCount: 15}
places-view.tsx:338 Rendering decision: {isMapVisible: true, showingPanel: true, showingGrid: false}
places-view.tsx:245 Panel Debug: {sidebarSizePercent: 30, windowWidth: 771, calculatedWidth: 191.29999999999998, cardFlexBasis: '100%', isFlexLayout: false}
places-view.tsx:275 PlacesView render: {isMapVisible: true, showRouting: true, isMobile: false, poisCount: 15}
places-view.tsx:338 Rendering decision: {isMapVisible: true, showingPanel: true, showingGrid: false}
places-view.tsx:245 Panel Debug: {sidebarSizePercent: 30, windowWidth: 771, calculatedWidth: 191.29999999999998, cardFlexBasis: '100%', isFlexLayout: false}
places-view.tsx:275 PlacesView render: {isMapVisible: true, showRouting: true, isMobile: false, poisCount: 15}
places-view.tsx:338 Rendering decision: {isMapVisible: true, showingPanel: true, showingGrid: false}
places-view.tsx:245 Panel Debug: {sidebarSizePercent: 30, windowWidth: 771, calculatedWidth: 191.29999999999998, cardFlexBasis: '100%', isFlexLayout: false}
places-view.tsx:275 PlacesView render: {isMapVisible: true, showRouting: true, isMobile: false, poisCount: 15}
places-view.tsx:338 Rendering decision: {isMapVisible: true, showingPanel: true, showingGrid: false}
document.querySelectorAll('[data-marker="custom"]')
NodeList []length: 0[[Prototype]]: NodeListentries: ƒ entries()forEach: ƒ forEach()item: ƒ item()keys: ƒ keys()length: (...)values: ƒ values()length: 0name: "values"arguments: (...)caller: (...)[[Prototype]]: ƒ ()[[Scopes]]: Scopes[0]constructor: ƒ NodeList()Symbol(Symbol.iterator): ƒ values()Symbol(Symbol.toStringTag): "NodeList"get length: ƒ length()[[Prototype]]: Object
