{"environment":"development","level":"\u001b[32minfo\u001b[39m","logLevel":"info","message":"\u001b[32mStructured logging initialized\u001b[39m","service":"routewise-backend","timestamp":"2025-08-03 12:56:27:5627"}
{"level":"\u001b[33mwarn\u001b[39m","message":"\u001b[33mDATABASE_URL not configured, using in-memory storage (not recommended for production)\u001b[39m","service":"routewise-backend","timestamp":"2025-08-03 12:56:27:5627"}
{"level":"\u001b[32minfo\u001b[39m","message":"\u001b[32mUsing in-memory storage\u001b[39m","service":"routewise-backend","timestamp":"2025-08-03 12:56:27:5627"}
{"level":"\u001b[32minfo\u001b[39m","message":"\u001b[32m🗄️ Redis not configured, using in-memory cache\u001b[39m","service":"routewise-backend","timestamp":"2025-08-03 12:56:27:5627"}
{"level":"\u001b[31merror\u001b[39m","message":"\u001b[31m{\"name\":\"ValidationError\",\"code\":\"ERR_ERL_KEY_GEN_IPV6\",\"help\":\"https://express-rate-limit.github.io/ERR_ERL_KEY_GEN_IPV6/\"}\u001b[39m","service":"routewise-backend","timestamp":"2025-08-03 12:56:27:5627"}
{"level":"\u001b[31merror\u001b[39m","message":"\u001b[31m{\"name\":\"ValidationError\",\"code\":\"ERR_ERL_KEY_GEN_IPV6\",\"help\":\"https://express-rate-limit.github.io/ERR_ERL_KEY_GEN_IPV6/\"}\u001b[39m","service":"routewise-backend","timestamp":"2025-08-03 12:56:27:5627"}
{"level":"\u001b[31merror\u001b[39m","message":"\u001b[31m{\"name\":\"ValidationError\",\"code\":\"ERR_ERL_KEY_GEN_IPV6\",\"help\":\"https://express-rate-limit.github.io/ERR_ERL_KEY_GEN_IPV6/\"}\u001b[39m","service":"routewise-backend","timestamp":"2025-08-03 12:56:27:5627"}
{"level":"\u001b[31merror\u001b[39m","message":"\u001b[31m{\"name\":\"ValidationError\",\"code\":\"ERR_ERL_KEY_GEN_IPV6\",\"help\":\"https://express-rate-limit.github.io/ERR_ERL_KEY_GEN_IPV6/\"}\u001b[39m","service":"routewise-backend","timestamp":"2025-08-03 12:56:27:5627"}
{"level":"\u001b[31merror\u001b[39m","message":"\u001b[31m{\"name\":\"ValidationError\",\"code\":\"ERR_ERL_KEY_GEN_IPV6\",\"help\":\"https://express-rate-limit.github.io/ERR_ERL_KEY_GEN_IPV6/\"}\u001b[39m","service":"routewise-backend","timestamp":"2025-08-03 12:56:27:5627"}
{"level":"\u001b[31merror\u001b[39m","message":"\u001b[31m{\"name\":\"ValidationError\",\"code\":\"ERR_ERL_KEY_GEN_IPV6\",\"help\":\"https://express-rate-limit.github.io/ERR_ERL_KEY_GEN_IPV6/\"}\u001b[39m","service":"routewise-backend","timestamp":"2025-08-03 12:56:27:5627"}
{"level":"\u001b[31merror\u001b[39m","message":"\u001b[31m{\"name\":\"ValidationError\",\"code\":\"ERR_ERL_KEY_GEN_IPV6\",\"help\":\"https://express-rate-limit.github.io/ERR_ERL_KEY_GEN_IPV6/\"}\u001b[39m","service":"routewise-backend","timestamp":"2025-08-03 12:56:27:5627"}
{"level":"\u001b[31merror\u001b[39m","message":"\u001b[31m{\"name\":\"ValidationError\",\"code\":\"ERR_ERL_KEY_GEN_IPV6\",\"help\":\"https://express-rate-limit.github.io/ERR_ERL_KEY_GEN_IPV6/\"}\u001b[39m","service":"routewise-backend","timestamp":"2025-08-03 12:56:27:5627"}
{"configured":false,"constructorClientId":"EMPTY","constructorClientSecret":"EMPTY","currentClientId":"EMPTY","currentClientSecret":"EMPTY","level":"\u001b[32minfo\u001b[39m","message":"\u001b[32mOAuth configuration check\u001b[39m","service":"routewise-backend","timestamp":"2025-08-03 12:56:27:5627"}
{"hasClientId":false,"hasClientSecret":false,"isConfigured":false,"level":"\u001b[32minfo\u001b[39m","message":"\u001b[32mGoogleOAuthService initialized\u001b[39m","redirectUri":"http://localhost:3001/api/auth/google/callback","service":"routewise-backend","timestamp":"2025-08-03 12:56:27:5627"}
{"level":"\u001b[32minfo\u001b[39m","message":"\u001b[32m[dotenv@17.2.1] injecting env (17) from .env \u001b[2m-- tip: 📡 observe env with Radar: https://dotenvx.com/radar\u001b[0m\u001b[39m","service":"routewise-backend","timestamp":"2025-08-03 12:56:27:5627"}
{"level":"\u001b[32minfo\u001b[39m","message":"\u001b[32m[dotenv@17.2.1] injecting env (0) from ../.env \u001b[2m-- tip: ⚙️  suppress all logs with { quiet: true }\u001b[0m\u001b[39m","service":"routewise-backend","timestamp":"2025-08-03 12:56:27:5627"}
{"level":"\u001b[32minfo\u001b[39m","message":"\u001b[32mValidating environment configuration...\u001b[39m","service":"routewise-backend","timestamp":"2025-08-03 12:56:27:5627"}
{"hasDatabase":true,"hasGoogleMaps":false,"hasGoogleOAuth":false,"hasRedis":false,"level":"\u001b[32minfo\u001b[39m","message":"\u001b[32mEnvironment validation successful\u001b[39m","service":"routewise-backend","timestamp":"2025-08-03 12:56:27:5627"}
{"level":"\u001b[33mwarn\u001b[39m","message":"\u001b[33mEnvironment configuration warnings detected\u001b[39m","recommendations":["Configure Google Places API key for better POI data","Configure Google Maps API key for full map functionality","Configure Google OAuth for social login"],"service":"routewise-backend","timestamp":"2025-08-03 12:56:27:5627","warnings":["GOOGLE_PLACES_API_KEY not configured - POI features will use fallback data","GOOGLE_MAPS_API_KEY not configured - maps features will be limited","Redis not configured - using in-memory cache (not recommended for production)","Google OAuth not configured - only local authentication available"]}
{"level":"\u001b[32minfo\u001b[39m","message":"\u001b[32mEnvironment configuration recommendations\u001b[39m","recommendations":["Configure Google Places API key for better POI data","Configure Google Maps API key for full map functionality","Configure Google OAuth for social login"],"service":"routewise-backend","timestamp":"2025-08-03 12:56:27:5627"}
{"authentication":{"googleOAuthConfigured":false,"jwtConfigured":true},"caching":{"redisConfigured":false},"database":{"configured":true,"type":"postgresql"},"googleServices":{"mapsApiConfigured":false,"placesApiConfigured":false},"level":"\u001b[32minfo\u001b[39m","logging":{},"message":"\u001b[32mEnvironment initialized successfully\u001b[39m","service":"routewise-backend","timestamp":"2025-08-03 12:56:27:5627"}
{"level":"\u001b[32minfo\u001b[39m","message":"\u001b[32mInitializing PostgreSQL storage with validated environment\u001b[39m","service":"routewise-backend","timestamp":"2025-08-03 12:56:27:5627"}
{"jwtExpiresIn":"7d","jwtSecretLength":65,"level":"\u001b[32minfo\u001b[39m","message":"\u001b[32mAuthService initialized with secure JWT configuration\u001b[39m","service":"routewise-backend","timestamp":"2025-08-03 12:56:27:5627"}
{"configured":true,"constructorClientId":"EMPTY","constructorClientSecret":"EMPTY","currentClientId":"SET (72 chars)","currentClientSecret":"SET (35 chars)","level":"\u001b[32minfo\u001b[39m","message":"\u001b[32mOAuth configuration check\u001b[39m","service":"routewise-backend","timestamp":"2025-08-03 12:56:27:5627"}
{"hasClientId":false,"hasClientSecret":false,"isConfigured":true,"level":"\u001b[32minfo\u001b[39m","message":"\u001b[32mGoogleOAuthService initialized\u001b[39m","redirectUri":"http://localhost:3001/api/auth/google/callback","service":"routewise-backend","timestamp":"2025-08-03 12:56:27:5627"}
{"googleMapsApiConfigured":true,"googlePlacesApiConfigured":true,"level":"\u001b[32minfo\u001b[39m","message":"\u001b[32mEnvironment check\u001b[39m","service":"routewise-backend","timestamp":"2025-08-03 12:56:27:5627"}
{"level":"\u001b[32minfo\u001b[39m","message":"\u001b[32m🗄️ GooglePlacesService cache config: Places=5min, Geocoding=10min\u001b[39m","service":"routewise-backend","timestamp":"2025-08-03 12:56:27:5627"}
{"level":"\u001b[32minfo\u001b[39m","message":"\u001b[32m12:56:27 PM [express] serving on port undefined\u001b[39m","service":"routewise-backend","timestamp":"2025-08-03 12:56:27:5627"}
{"level":"\u001b[32minfo\u001b[39m","message":"\u001b[32mPostgreSQL connection established successfully\u001b[39m","service":"routewise-backend","timestamp":"2025-08-03 12:56:28:5628"}
